This is pdfTeX, Version 3.141592653-2.6-1.40.27 (TeX Live 2025) (preloaded format=pdflatex)
 restricted \write18 enabled.
entering extended mode
(./thesis.tex
LaTeX2e <2024-11-01> patch level 2
L3 programming layer <2025-01-18>
(./uob-thesis.cls
Document Class: uob-thesis 2023/05/15 University of Bristol thesis template
(/Users/lizhuolun/Library/texmf/tex/latex/xkeyval/xkeyval.sty
(/Users/lizhuolun/Library/texmf/tex/generic/xkeyval/xkeyval.tex
(/Users/lizhuolun/Library/texmf/tex/generic/xkeyval/xkvutils.tex
(/Users/lizhuolun/Library/texmf/tex/generic/xkeyval/keyval.tex))))
(/usr/local/texlive/2025basic/texmf-dist/tex/latex/l3packages/xparse/xparse.sty
(/usr/local/texlive/2025basic/texmf-dist/tex/latex/l3kernel/expl3.sty
(/usr/local/texlive/2025basic/texmf-dist/tex/latex/l3backend/l3backend-pdftex.d
ef))) (/usr/local/texlive/2025basic/texmf-dist/tex/latex/lm/lmodern.sty)
(/usr/local/texlive/2025basic/texmf-dist/tex/latex/koma-script/scrbook.cls
Document Class: scrbook 2024/10/24 v3.43 KOMA-Script document class (book)
(/usr/local/texlive/2025basic/texmf-dist/tex/latex/koma-script/scrkbase.sty
(/usr/local/texlive/2025basic/texmf-dist/tex/latex/koma-script/scrbase.sty
(/usr/local/texlive/2025basic/texmf-dist/tex/latex/koma-script/scrlfile.sty
(/usr/local/texlive/2025basic/texmf-dist/tex/latex/koma-script/scrlfile-hook.st
y (/usr/local/texlive/2025basic/texmf-dist/tex/latex/koma-script/scrlogo.sty)))
)) (/usr/local/texlive/2025basic/texmf-dist/tex/latex/koma-script/tocbasic.sty)
(/usr/local/texlive/2025basic/texmf-dist/tex/latex/koma-script/scrsize11pt.clo)
 (/usr/local/texlive/2025basic/texmf-dist/tex/latex/koma-script/typearea.sty
(/usr/local/texlive/2025basic/texmf-dist/tex/latex/lm/ot1lmr.fd)))
(/usr/local/texlive/2025basic/texmf-dist/tex/latex/koma-script/scrlayer-scrpage
.sty
(/usr/local/texlive/2025basic/texmf-dist/tex/latex/koma-script/scrlayer.sty))
(/usr/local/texlive/2025basic/texmf-dist/tex/latex/base/fontenc.sty
(/usr/local/texlive/2025basic/texmf-dist/tex/latex/lm/t1lmr.fd))
(/usr/local/texlive/2025basic/texmf-dist/tex/latex/microtype/microtype.sty
(/Users/lizhuolun/Library/texmf/tex/latex/etoolbox/etoolbox.sty)
(/usr/local/texlive/2025basic/texmf-dist/tex/latex/microtype/microtype-pdftex.d
ef) (/usr/local/texlive/2025basic/texmf-dist/tex/latex/microtype/microtype.cfg)
) (/Users/lizhuolun/Library/texmf/tex/latex/datetime2/datetime2.sty
(/Users/lizhuolun/Library/texmf/tex/latex/tracklang/tracklang.sty
(/Users/lizhuolun/Library/texmf/tex/generic/tracklang/tracklang.tex))

Package datetime2 Warning: Date-Time Language Module `british' not installed on
 input line 1913.

)

Package datetime2 Warning: Region `en-GB' has ignored 
(datetime2)                the following settings:
(datetime2)                ord=omit
 on input line 75.

(./bristol-colours.sty
(/usr/local/texlive/2025basic/texmf-dist/tex/latex/xcolor/xcolor.sty
(/usr/local/texlive/2025basic/texmf-dist/tex/latex/graphics-cfg/color.cfg)
(/usr/local/texlive/2025basic/texmf-dist/tex/latex/graphics-def/pdftex.def)
(/usr/local/texlive/2025basic/texmf-dist/tex/latex/graphics/mathcolor.ltx)))
(/usr/local/texlive/2025basic/texmf-dist/tex/latex/amsmath/amsmath.sty
For additional information on amsmath, use the `?' option.
(/usr/local/texlive/2025basic/texmf-dist/tex/latex/amsmath/amstext.sty
(/usr/local/texlive/2025basic/texmf-dist/tex/latex/amsmath/amsgen.sty))
(/usr/local/texlive/2025basic/texmf-dist/tex/latex/amsmath/amsbsy.sty)
(/usr/local/texlive/2025basic/texmf-dist/tex/latex/amsmath/amsopn.sty))
(/usr/local/texlive/2025basic/texmf-dist/tex/latex/amsfonts/amssymb.sty
(/usr/local/texlive/2025basic/texmf-dist/tex/latex/amsfonts/amsfonts.sty))
(/usr/local/texlive/2025basic/texmf-dist/tex/latex/amscls/amsthm.sty)
(/usr/local/texlive/2025basic/texmf-dist/tex/latex/xpatch/xpatch.sty)
(/usr/local/texlive/2025basic/texmf-dist/tex/latex/base/ifthen.sty)
(/Users/lizhuolun/Library/texmf/tex/latex/enumitem/enumitem.sty)
(/usr/local/texlive/2025basic/texmf-dist/tex/latex/tools/array.sty)
(/Users/lizhuolun/Library/texmf/tex/latex/mathtools/mathtools.sty
(/usr/local/texlive/2025basic/texmf-dist/tex/latex/tools/calc.sty)
(/Users/lizhuolun/Library/texmf/tex/latex/mathtools/mhsetup.sty))
(/Users/lizhuolun/Library/texmf/tex/latex/thmtools/thmtools.sty
(/Users/lizhuolun/Library/texmf/tex/latex/thmtools/thm-patch.sty
(/Users/lizhuolun/Library/texmf/tex/latex/thmtools/parseargs.sty))
(/Users/lizhuolun/Library/texmf/tex/latex/thmtools/thm-kv.sty
(/usr/local/texlive/2025basic/texmf-dist/tex/latex/kvsetkeys/kvsetkeys.sty))
(/Users/lizhuolun/Library/texmf/tex/latex/thmtools/thm-autoref.sty
(/Users/lizhuolun/Library/texmf/tex/latex/thmtools/aliasctr.sty))
(/Users/lizhuolun/Library/texmf/tex/latex/thmtools/thm-listof.sty)
(/Users/lizhuolun/Library/texmf/tex/latex/thmtools/thm-restate.sty)
(/Users/lizhuolun/Library/texmf/tex/latex/thmtools/thm-amsthm.sty))
(/usr/local/texlive/2025basic/texmf-dist/tex/latex/hyperref/hyperref.sty
(/usr/local/texlive/2025basic/texmf-dist/tex/generic/iftex/iftex.sty)
(/usr/local/texlive/2025basic/texmf-dist/tex/generic/kvdefinekeys/kvdefinekeys.
sty)
(/usr/local/texlive/2025basic/texmf-dist/tex/generic/pdfescape/pdfescape.sty
(/usr/local/texlive/2025basic/texmf-dist/tex/generic/ltxcmds/ltxcmds.sty)
(/usr/local/texlive/2025basic/texmf-dist/tex/generic/pdftexcmds/pdftexcmds.sty
(/usr/local/texlive/2025basic/texmf-dist/tex/generic/infwarerr/infwarerr.sty)))
 (/usr/local/texlive/2025basic/texmf-dist/tex/latex/hycolor/hycolor.sty)
(/usr/local/texlive/2025basic/texmf-dist/tex/latex/hyperref/nameref.sty
(/usr/local/texlive/2025basic/texmf-dist/tex/latex/refcount/refcount.sty)
(/usr/local/texlive/2025basic/texmf-dist/tex/generic/gettitlestring/gettitlestr
ing.sty
(/usr/local/texlive/2025basic/texmf-dist/tex/latex/kvoptions/kvoptions.sty)))
(/usr/local/texlive/2025basic/texmf-dist/tex/generic/stringenc/stringenc.sty)
(/usr/local/texlive/2025basic/texmf-dist/tex/latex/hyperref/pd1enc.def)
(/usr/local/texlive/2025basic/texmf-dist/tex/generic/intcalc/intcalc.sty)
(/usr/local/texlive/2025basic/texmf-dist/tex/latex/hyperref/puenc.def)
(/usr/local/texlive/2025basic/texmf-dist/tex/latex/url/url.sty)
(/usr/local/texlive/2025basic/texmf-dist/tex/generic/bitset/bitset.sty
(/usr/local/texlive/2025basic/texmf-dist/tex/generic/bigintcalc/bigintcalc.sty)
) (/usr/local/texlive/2025basic/texmf-dist/tex/latex/base/atbegshi-ltx.sty))
(/usr/local/texlive/2025basic/texmf-dist/tex/latex/hyperref/hpdftex.def
(/usr/local/texlive/2025basic/texmf-dist/tex/latex/base/atveryend-ltx.sty)
(/usr/local/texlive/2025basic/texmf-dist/tex/latex/rerunfilecheck/rerunfilechec
k.sty
(/usr/local/texlive/2025basic/texmf-dist/tex/generic/uniquecounter/uniquecounte
r.sty))) (/Users/lizhuolun/Library/texmf/tex/latex/cleveref/cleveref.sty)
(/Users/lizhuolun/Library/texmf/tex/latex/biblatex/biblatex.sty
(/Users/lizhuolun/Library/texmf/tex/latex/logreq/logreq.sty
(/Users/lizhuolun/Library/texmf/tex/latex/logreq/logreq.def))
(/Users/lizhuolun/Library/texmf/tex/latex/biblatex/blx-dm.def)
(/Users/lizhuolun/Library/texmf/tex/latex/biblatex/blx-compat.def)
(/Users/lizhuolun/Library/texmf/tex/latex/biblatex/biblatex.def)
(./acmnumeric.bbx
(/Users/lizhuolun/Library/texmf/tex/latex/biblatex-trad/trad-plain.bbx
(/Users/lizhuolun/Library/texmf/tex/latex/biblatex-trad/trad-standard.bbx
(/Users/lizhuolun/Library/texmf/tex/latex/biblatex/bbx/standard.bbx)))
(/Users/lizhuolun/Library/texmf/tex/latex/biblatex-software/software.bbx
(/Users/lizhuolun/Library/texmf/tex/latex/xurl/xurl.sty
xurl: Set penalties for biblatex
))) (./acmnumeric.cbx
(/Users/lizhuolun/Library/texmf/tex/latex/biblatex/cbx/numeric.cbx))
(/Users/lizhuolun/Library/texmf/tex/latex/biblatex/biblatex.cfg)
(/Users/lizhuolun/Library/texmf/tex/latex/biblatex/blx-case-expl3.sty)))
(/usr/local/texlive/2025basic/texmf-dist/tex/latex/tools/longtable.sty)
(/usr/local/texlive/2025basic/texmf-dist/tex/latex/booktabs/booktabs.sty)
(/Users/lizhuolun/Library/texmf/tex/latex/multirow/multirow.sty)
(/usr/local/texlive/2025basic/texmf-dist/tex/latex/graphics/graphicx.sty
(/usr/local/texlive/2025basic/texmf-dist/tex/latex/graphics/graphics.sty
(/usr/local/texlive/2025basic/texmf-dist/tex/latex/graphics/trig.sty)
(/usr/local/texlive/2025basic/texmf-dist/tex/latex/graphics-cfg/graphics.cfg)))
 (/usr/local/texlive/2025basic/texmf-dist/tex/latex/float/float.sty)
(./wordcount.tex)

LaTeX Warning: Unused global option(s):
    [bibstyle=acmnumeric,twoside=false].

(./thesis.aux)
(/usr/local/texlive/2025basic/texmf-dist/tex/latex/microtype/mt-cmr.cfg)
(/usr/local/texlive/2025basic/texmf-dist/tex/context/base/mkii/supp-pdf.mkii
[Loading MPS to PDF converter (version 2006.09.02).]
)
(/usr/local/texlive/2025basic/texmf-dist/tex/latex/epstopdf-pkg/epstopdf-base.s
ty
(/usr/local/texlive/2025basic/texmf-dist/tex/latex/latexconfig/epstopdf-sys.cfg
)) (./thesis.out) (./thesis.out)
(/usr/local/texlive/2025basic/texmf-dist/tex/latex/bookmark/bookmark.sty
(/usr/local/texlive/2025basic/texmf-dist/tex/latex/bookmark/bkm-pdftex.def))
(/Users/lizhuolun/Library/texmf/tex/latex/biblatex/lbx/american.lbx
(/Users/lizhuolun/Library/texmf/tex/latex/biblatex-software/english-software.lb
x (/Users/lizhuolun/Library/texmf/tex/latex/biblatex/lbx/english.lbx))
(/Users/lizhuolun/Library/texmf/tex/latex/biblatex-software/english-software.lb
x (/Users/lizhuolun/Library/texmf/tex/latex/biblatex/lbx/english.lbx)))
(./thesis.bbl)

Package typearea Warning: \typearea used at group level 7.
(typearea)                Using \typearea inside any group, e.g.
(typearea)                environments, math mode, boxes, etc. may result in
(typearea)                many type setting problems.
(typearea)                You should move the command \typearea
(typearea)                outside all groups on input line 57.

(/usr/local/texlive/2025basic/texmf-dist/tex/latex/lm/omllmm.fd)
(/usr/local/texlive/2025basic/texmf-dist/tex/latex/lm/omslmsy.fd)
(/usr/local/texlive/2025basic/texmf-dist/tex/latex/lm/omxlmex.fd)
(/usr/local/texlive/2025basic/texmf-dist/tex/latex/amsfonts/umsa.fd)
(/usr/local/texlive/2025basic/texmf-dist/tex/latex/microtype/mt-msa.cfg)
(/usr/local/texlive/2025basic/texmf-dist/tex/latex/amsfonts/umsb.fd)
(/usr/local/texlive/2025basic/texmf-dist/tex/latex/microtype/mt-msb.cfg)

Package scrlayer-scrpage Warning: \headheight to low.
(scrlayer-scrpage)                At least 20.4pt needed,
(scrlayer-scrpage)                but only 0.0pt found.
(scrlayer-scrpage)                I'll enlarge \headheight, for further
(scrlayer-scrpage)                processing, but you should do this yourself,
(scrlayer-scrpage)                e.g., setting typearea's option
(scrlayer-scrpage)                `headheight=20.4pt'.
(scrlayer-scrpage)                I'll also decrease \topmargin on input line 5
7.


Overfull \vbox (20.4pt too high) has occurred while \output is active [1{/usr/l
ocal/texlive/2025basic/texmf-var/fonts/map/pdftex/updmap/pdftex.map}{/usr/local
/texlive/2025basic/texmf-dist/fonts/enc/dvips/lm/lm-ec.enc} <./UoB_RGB_24.jpg>]


Package typearea Warning: \typearea used at group level 2.
(typearea)                Using \typearea inside any group, e.g.
(typearea)                environments, math mode, boxes, etc. may result in
(typearea)                many type setting problems.
(typearea)                You should move the command \typearea
(typearea)                outside all groups on input line 61.

(./abstract.tex)
[2]
[3]
[4 <./sig.png>] (./thesis.toc
[1]
[2]
[3{/usr/local/texlive/2025basic/texmf-dist/fonts/enc/dvips/lm/lm-mathsy.enc}])
[4] (./thesis.lof
[5{/usr/local/texlive/2025basic/texmf-dist/fonts/enc/dvips/lm/lm-mathit.enc}{/u
sr/local/texlive/2025basic/texmf-dist/fonts/enc/dvips/lm/lm-rm.enc}]
[6])
[7] (./ch/01_introduction.tex
chapter 1.

[1] (/usr/local/texlive/2025basic/texmf-dist/tex/latex/lm/ts1lmr.fd)
[2{/usr/local/texlive/2025basic/texmf-dist/fonts/enc/dvips/lm/lm-ts1.enc}]
[3]) (./ch/02_background.tex
Overfull \hbox (12.51677pt too wide) in paragraph at lines 123--1
\T1/lmr/m/n/10.95 (-20) augmented paradigm, the spe-cific prediction-based matc
h-ing al-go-rithms, and the distribution-

[4]
chapter 2.

[5]
[6]
[7]
[8]
[9]) (./ch/03_model_methodology.tex
[10]
chapter 3.

[11]
[12]
[13]
[14]) (./ch/04_unified_benchmark.tex
[15
pdfTeX warning (ext4): destination with the same identifier (name{figure.3.1}) 
has been already used, duplicate ignored
<argument> ...shipout:D \box_use:N \l_shipout_box 
                                                  \__shipout_drop_firstpage_...
l.1 \chapter
            {The Unified Benchmark} <../../results/er_full.png>]
[16
pdfTeX warning (ext4): destination with the same identifier (name{figure.3.2}) 
has been already used, duplicate ignored
<argument> ...shipout:D \box_use:N \l_shipout_box 
                                                  \__shipout_drop_firstpage_...
l.1 \chapter
            {The Unified Benchmark} <../../results/left_regular.png>]
chapter 4.

[17]
Overfull \hbox (1.38869pt too wide) in paragraph at lines 95--108
[][] 

[18]
[19
pdfTeX warning (ext4): destination with the same identifier (name{table.4.1}) h
as been already used, duplicate ignored
<argument> ...shipout:D \box_use:N \l_shipout_box 
                                                  \__shipout_drop_firstpage_...
l.148 
       <../../results/unified_benchmark_panelA.png> <../../results/unified_benc
hmark_panelB.png> <../../results/unified_benchmark_panelC.png>]
[20]) (./ch/05_order_error.tex
[21
pdfTeX warning (ext4): destination with the same identifier (name{figure.4.1}) 
has been already used, duplicate ignored
<argument> ...shipout:D \box_use:N \l_shipout_box 
                                                  \__shipout_drop_firstpage_...
l.1 \chapter
            {What Governs the Loss: Order Error and ACI's <../../results/consis
tency_robustness.png>]
chapter 5.
(/usr/local/texlive/2025basic/texmf-dist/tex/latex/lm/t1lmtt.fd)
[22]
[23
pdfTeX warning (ext4): destination with the same identifier (name{figure.5.1}) 
has been already used, duplicate ignored
<argument> ...shipout:D \box_use:N \l_shipout_box 
                                                  \__shipout_drop_firstpage_...
l.60 
      <../../results/order_vs_theory.png>]) (./ch/06_test_and_fallback.tex
[24]
chapter 6.

[25]
[26
pdfTeX warning (ext4): destination with the same identifier (name{figure.6.1}) 
has been already used, duplicate ignored
<argument> ...shipout:D \box_use:N \l_shipout_box 
                                                  \__shipout_drop_firstpage_...
l.79 
      <../../results/choo_bem_envelope.png>]
[27
pdfTeX warning (ext4): destination with the same identifier (name{figure.6.2}) 
has been already used, duplicate ignored
<argument> ...shipout:D \box_use:N \l_shipout_box 
                                                  \__shipout_drop_firstpage_...
l.100 
       <../../results/choo_bem_prefix.png>]
[28
pdfTeX warning (ext4): destination with the same identifier (name{figure.6.3}) 
has been already used, duplicate ignored
<argument> ...shipout:D \box_use:N \l_shipout_box 
                                                  \__shipout_drop_firstpage_...
l.120 
       <../../results/recalibration_prefix.png>])
(./ch/07_external_validity.tex
[29]
chapter 7.

[30]
[31
pdfTeX warning (ext4): destination with the same identifier (name{figure.7.1}) 
has been already used, duplicate ignored
<argument> ...shipout:D \box_use:N \l_shipout_box 
                                                  \__shipout_drop_firstpage_...
l.68 
      <../../results/real_predictor.png>]
[32
pdfTeX warning (ext4): destination with the same identifier (name{figure.7.2}) 
has been already used, duplicate ignored
<argument> ...shipout:D \box_use:N \l_shipout_box 
                                                  \__shipout_drop_firstpage_...
l.95 
      <../../results/realworld_robustness.png>])
(./ch/08_exploratory_negatives.tex
[33]
chapter 8.

[34]
[35
pdfTeX warning (ext4): destination with the same identifier (name{figure.8.1}) 
has been already used, duplicate ignored
<argument> ...shipout:D \box_use:N \l_shipout_box 
                                                  \__shipout_drop_firstpage_...
l.65 
      <../../results/rank_vs_mse_mve.png>]
[36
pdfTeX warning (ext4): destination with the same identifier (name{figure.8.2}) 
has been already used, duplicate ignored
<argument> ...shipout:D \box_use:N \l_shipout_box 
                                                  \__shipout_drop_firstpage_...
l.97 
      <../../results/rank_real_trace.png>]
[37]
[38
pdfTeX warning (ext4): destination with the same identifier (name{figure.8.3}) 
has been already used, duplicate ignored
<argument> ...shipout:D \box_use:N \l_shipout_box 
                                                  \__shipout_drop_firstpage_...
l.156 
       <../../results/serving_slo_probe.png>]) (./ch/09_theory.tex
[39]
chapter 9.

[40]
[41
pdfTeX warning (ext4): destination with the same identifier (name{figure.9.1}) 
has been already used, duplicate ignored
<argument> ...shipout:D \box_use:N \l_shipout_box 
                                                  \__shipout_drop_firstpage_...
l.62 
      <../../results/impossibility_frontier.png>]
[42]
[43]) (./ch/10_serving_case_study.tex
[44]
chapter 10.

[45]
[46
pdfTeX warning (ext4): destination with the same identifier (name{figure.10.1})
 has been already used, duplicate ignored
<argument> ...shipout:D \box_use:N \l_shipout_box 
                                                  \__shipout_drop_firstpage_...
l.100 
       <../../results/serving_envelope.png>]
[47
pdfTeX warning (ext4): destination with the same identifier (name{figure.10.2})
 has been already used, duplicate ignored
<argument> ...shipout:D \box_use:N \l_shipout_box 
                                                  \__shipout_drop_firstpage_...
l.100 
      
pdfTeX warning (ext4): destination with the same identifier (name{figure.10.3})
 has been already used, duplicate ignored
<argument> ...shipout:D \box_use:N \l_shipout_box 
                                                  \__shipout_drop_firstpage_...
l.100 
       <../../results/serving_dynamic.png> <../../results/prefix_cache_reversal
.png>]) (./ch/11_conclusion.tex
[48]
chapter 11.

[49]
[50])
[51] (./ch/A_reproduction.tex
[52]
chapter A.

Overfull \hbox (9.52542pt too wide) in paragraph at lines 31--34
[]\T1/lmr/m/n/10.95 (-20) Each script writes \T1/lmtt/m/n/10.95 results/<name>.
json \T1/lmr/m/n/10.95 (-20) (raw means/CIs) and \T1/lmtt/m/n/10.95 results/<na
me>.png

Overfull \hbox (30.90825pt too wide) in paragraph at lines 59--59
[]|\T1/lmtt/m/n/10.95 scripts/run_er_full.py|  

Overfull \hbox (53.90318pt too wide) in paragraph at lines 60--60
[]|\T1/lmtt/m/n/10.95 results/er_full.{json,png}|  

Overfull \hbox (59.65192pt too wide) in paragraph at lines 61--61
[]|\T1/lmtt/m/n/10.95 scripts/run_left_regular.py|  

Overfull \hbox (82.64685pt too wide) in paragraph at lines 62--62
[]|\T1/lmtt/m/n/10.95 results/left_regular.{json,png}|  

Overfull \hbox (89.85434pt too wide) in paragraph at lines 64--65
[]|\T1/lmtt/m/n/10.95 scripts/run_unified_benchmark.py\T1/lmr/m/n/10.95 (-20) ,
 

Overfull \hbox (30.90825pt too wide) in paragraph at lines 64--65
\T1/lmtt/m/n/10.95 plot_unified_panels.py|  

Overfull \hbox (112.84927pt too wide) in paragraph at lines 66--68
[]|\T1/lmtt/m/n/10.95 results/unified_benchmark.{json,png}\T1/lmr/m/n/10.95 (-2
0) , 

Overfull \hbox (101.3518pt too wide) in paragraph at lines 66--68
\T1/lmtt/m/n/10.95 unified_benchmark_panel{A,B,C}.png\T1/lmr/m/n/10.95 (-20) , 


Overfull \hbox (59.65192pt too wide) in paragraph at lines 66--68
\T1/lmtt/m/n/10.95 unified_benchmark_tables.md|  

Overfull \hbox (117.13925pt too wide) in paragraph at lines 70--70
[]|\T1/lmtt/m/n/10.95 scripts/run_consistency_robustness.py|  

Overfull \hbox (140.13419pt too wide) in paragraph at lines 71--71
[]|\T1/lmtt/m/n/10.95 results/consistency_robustness.{json,png}|  

Overfull \hbox (76.89812pt too wide) in paragraph at lines 74--74
[]|\T1/lmtt/m/n/10.95 scripts/run_order_vs_theory.py|  

Overfull \hbox (99.89305pt too wide) in paragraph at lines 75--75
[]|\T1/lmtt/m/n/10.95 results/order_vs_theory.{json,png}|  

Overfull \hbox (36.65698pt too wide) in paragraph at lines 77--77
[]|\T1/lmtt/m/n/10.95 scripts/run_choo_bem.py|  

Overfull \hbox (122.88799pt too wide) in paragraph at lines 78--78
[]|\T1/lmtt/m/n/10.95 results/choo_bem_{envelope,prefix}.png|  

Overfull \hbox (65.40065pt too wide) in paragraph at lines 80--80
[]|\T1/lmtt/m/n/10.95 scripts/run_recalibration.py|  

Overfull \hbox (59.65192pt too wide) in paragraph at lines 81--81
[]|\T1/lmtt/m/n/10.95 results/recalibration_*.png|  

Overfull \hbox (71.14938pt too wide) in paragraph at lines 82--82
[]|\T1/lmtt/m/n/10.95 scripts/run_real_predictor.py|  

Overfull \hbox (94.14432pt too wide) in paragraph at lines 83--83
[]|\T1/lmtt/m/n/10.95 results/real_predictor.{json,png}|  

Overfull \hbox (105.64178pt too wide) in paragraph at lines 85--85
[]|\T1/lmtt/m/n/10.95 scripts/run_realworld_robustness.py|  

Overfull \hbox (128.63672pt too wide) in paragraph at lines 86--86
[]|\T1/lmtt/m/n/10.95 results/realworld_robustness.{json,png}|  

Overfull \hbox (76.89812pt too wide) in paragraph at lines 88--88
[]|\T1/lmtt/m/n/10.95 scripts/run_rank_vs_mse_mve.py|  

Overfull \hbox (99.89305pt too wide) in paragraph at lines 89--89
[]|\T1/lmtt/m/n/10.95 results/rank_vs_mse_mve.{json,png}|  

Overfull \hbox (105.64178pt too wide) in paragraph at lines 92--92
[]|\T1/lmtt/m/n/10.95 scripts/run_rank_when_it_matters.py|  

Overfull \hbox (128.63672pt too wide) in paragraph at lines 93--93
[]|\T1/lmtt/m/n/10.95 results/rank_when_it_matters.{json,png}|  

Overfull \hbox (76.89812pt too wide) in paragraph at lines 96--96
[]|\T1/lmtt/m/n/10.95 scripts/run_rank_real_trace.py|  

Overfull \hbox (99.89305pt too wide) in paragraph at lines 97--97
[]|\T1/lmtt/m/n/10.95 results/rank_real_trace.{json,png}|  

Overfull \hbox (88.39558pt too wide) in paragraph at lines 99--99
[]|\T1/lmtt/m/n/10.95 scripts/run_serving_slo_probe.py|  

Overfull \hbox (111.39052pt too wide) in paragraph at lines 100--100
[]|\T1/lmtt/m/n/10.95 results/serving_slo_probe.{json,png}|  

Overfull \hbox (117.13925pt too wide) in paragraph at lines 103--103
[]|\T1/lmtt/m/n/10.95 scripts/run_impossibility_frontier.py|  

Overfull \hbox (140.13419pt too wide) in paragraph at lines 104--104
[]|\T1/lmtt/m/n/10.95 results/impossibility_frontier.{json,png}|  

Overfull \hbox (32.367pt too wide) in paragraph at lines 106--108
[]|\T1/lmtt/m/n/10.95 scripts/run_serving.py\T1/lmr/m/n/10.95 (-20) , 

Overfull \hbox (20.86954pt too wide) in paragraph at lines 106--108
\T1/lmtt/m/n/10.95 run_serving_trace.py\T1/lmr/m/n/10.95 (-20) , 

Overfull \hbox (32.367pt too wide) in paragraph at lines 106--108
\T1/lmtt/m/n/10.95 run_serving_dynamic.py\T1/lmr/m/n/10.95 (-20) , 

Overfull \hbox (13.66205pt too wide) in paragraph at lines 106--108
\T1/lmtt/m/n/10.95 run_prefix_cache.py|  

Overfull \hbox (26.61827pt too wide) in paragraph at lines 108--109
[]|\T1/lmtt/m/n/10.95 results/serving_*.png\T1/lmr/m/n/10.95 (-20) , 

Overfull \hbox (7.91331pt too wide) in paragraph at lines 108--109
\T1/lmtt/m/n/10.95 prefix_cache_*.png|  

Overfull \hbox (42.40572pt too wide) in paragraph at lines 111--111
[]|\T1/lmtt/m/n/10.95 scripts/run_realworld.py|  

Overfull \hbox (30.90825pt too wide) in paragraph at lines 111--111
[]|\T1/lmtt/m/n/10.95 results/realworld.json|  

[53] [54]
Overfull \hbox (7.15073pt too wide) in paragraph at lines 140--140
[]\T1/lmtt/m/n/10.95 python3 scripts/plot_unified_panels.py          # Table 4.
1 (panel charts)[] 

[55]
Overfull \hbox (24.39693pt too wide) in paragraph at lines 140--140
[]\T1/lmtt/m/n/10.95 python3 scripts/run_consistency_robustness.py   # Fig 4.1 
(replots Table 4.1)[] 

Overfull \hbox (0.10036pt too wide) in alignment at lines 165--183
 [] [] [] [] [] [] [] 

Overfull \hbox (0.10036pt too wide) in alignment at lines 183--185
 [] [] [] [] [] [] [] 

Overfull \hbox (0.10036pt too wide) in alignment at lines 185--192
 [] [] [] [] [] [] [] 
[56]
[57]
Overfull \hbox (27.54663pt too wide) in paragraph at lines 237--245
\T1/lmtt/m/n/10.95 socfb-Caltech36\T1/lmr/m/n/10.95 (-20) , \T1/lmtt/m/n/10.95 
socfb-Reed98\T1/lmr/m/n/10.95 (-20) , \T1/lmtt/m/n/10.95 bio-CE-GN\T1/lmr/m/n/1
0.95 (-20) , \T1/lmtt/m/n/10.95 bio-CE-PG\T1/lmr/m/n/10.95 (-20) , \T1/lmtt/m/n
/10.95 econ-beause\T1/lmr/m/n/10.95 (-20) , \T1/lmtt/m/n/10.95 econ-mbeaflw
) (./ch/B_proof_details.tex
[58]
chapter B.

[59]
[60]
[61]
[62]
[63{/usr/local/texlive/2025basic/texmf-dist/fonts/enc/dvips/lm/lm-mathex.enc}]
[64]
[65]
[66])
[67]
chapter without number

[68]
[69]
[70] (./thesis.aux) )
(see the transcript file for additional information)</usr/local/texlive/2025bas
ic/texmf-dist/fonts/type1/public/lm/lmbx10.pfb></usr/local/texlive/2025basic/te
xmf-dist/fonts/type1/public/lm/lmbx12.pfb></usr/local/texlive/2025basic/texmf-d
ist/fonts/type1/public/lm/lmbx9.pfb></usr/local/texlive/2025basic/texmf-dist/fo
nts/type1/public/lm/lmex10.pfb></usr/local/texlive/2025basic/texmf-dist/fonts/t
ype1/public/lm/lmmi10.pfb></usr/local/texlive/2025basic/texmf-dist/fonts/type1/
public/lm/lmmi8.pfb></usr/local/texlive/2025basic/texmf-dist/fonts/type1/public
/lm/lmmi9.pfb></usr/local/texlive/2025basic/texmf-dist/fonts/type1/public/lm/lm
r10.pfb></usr/local/texlive/2025basic/texmf-dist/fonts/type1/public/lm/lmr12.pf
b></usr/local/texlive/2025basic/texmf-dist/fonts/type1/public/lm/lmr8.pfb></usr
/local/texlive/2025basic/texmf-dist/fonts/type1/public/lm/lmr9.pfb></usr/local/
texlive/2025basic/texmf-dist/fonts/type1/public/lm/lmri10.pfb></usr/local/texli
ve/2025basic/texmf-dist/fonts/type1/public/lm/lmri9.pfb></usr/local/texlive/202
5basic/texmf-dist/fonts/type1/public/lm/lmro10.pfb></usr/local/texlive/2025basi
c/texmf-dist/fonts/type1/public/lm/lmsy10.pfb></usr/local/texlive/2025basic/tex
mf-dist/fonts/type1/public/lm/lmsy8.pfb></usr/local/texlive/2025basic/texmf-dis
t/fonts/type1/public/lm/lmtt10.pfb></usr/local/texlive/2025basic/texmf-dist/fon
ts/type1/public/amsfonts/symbols/msam10.pfb></usr/local/texlive/2025basic/texmf
-dist/fonts/type1/public/amsfonts/symbols/msbm10.pfb>
Output written on thesis.pdf (81 pages, 2486716 bytes).
Transcript written on thesis.log.
INFO - This is Biber 2.21
INFO - Logfile is 'thesis.blg'
INFO - Reading 'thesis.bcf'
INFO - Found 21 citekeys in bib section 0
INFO - Processing section 0
INFO - Looking for bibtex file 'refs_clean.bib' for section 0
INFO - LaTeX decoding ...
INFO - Found BibTeX data source 'refs_clean.bib'
INFO - Overriding locale 'en-US' defaults 'normalization = NFD' with 'normalization = prenormalized'
INFO - Overriding locale 'en-US' defaults 'variable = shifted' with 'variable = non-ignorable'
INFO - Sorting list 'anyt/global//global/global/global' of type 'entry' with template 'anyt' and locale 'en-US'
INFO - No sort tailoring available for locale 'en-US'
INFO - Writing 'thesis.bbl' with encoding 'UTF-8'
INFO - Output to thesis.bbl
This is pdfTeX, Version 3.141592653-2.6-1.40.27 (TeX Live 2025) (preloaded format=pdflatex)
 restricted \write18 enabled.
entering extended mode
(./thesis.tex
LaTeX2e <2024-11-01> patch level 2
L3 programming layer <2025-01-18>
(./uob-thesis.cls
Document Class: uob-thesis 2023/05/15 University of Bristol thesis template
(/Users/lizhuolun/Library/texmf/tex/latex/xkeyval/xkeyval.sty
(/Users/lizhuolun/Library/texmf/tex/generic/xkeyval/xkeyval.tex
(/Users/lizhuolun/Library/texmf/tex/generic/xkeyval/xkvutils.tex
(/Users/lizhuolun/Library/texmf/tex/generic/xkeyval/keyval.tex))))
(/usr/local/texlive/2025basic/texmf-dist/tex/latex/l3packages/xparse/xparse.sty
(/usr/local/texlive/2025basic/texmf-dist/tex/latex/l3kernel/expl3.sty
(/usr/local/texlive/2025basic/texmf-dist/tex/latex/l3backend/l3backend-pdftex.d
ef))) (/usr/local/texlive/2025basic/texmf-dist/tex/latex/lm/lmodern.sty)
(/usr/local/texlive/2025basic/texmf-dist/tex/latex/koma-script/scrbook.cls
Document Class: scrbook 2024/10/24 v3.43 KOMA-Script document class (book)
(/usr/local/texlive/2025basic/texmf-dist/tex/latex/koma-script/scrkbase.sty
(/usr/local/texlive/2025basic/texmf-dist/tex/latex/koma-script/scrbase.sty
(/usr/local/texlive/2025basic/texmf-dist/tex/latex/koma-script/scrlfile.sty
(/usr/local/texlive/2025basic/texmf-dist/tex/latex/koma-script/scrlfile-hook.st
y (/usr/local/texlive/2025basic/texmf-dist/tex/latex/koma-script/scrlogo.sty)))
)) (/usr/local/texlive/2025basic/texmf-dist/tex/latex/koma-script/tocbasic.sty)
(/usr/local/texlive/2025basic/texmf-dist/tex/latex/koma-script/scrsize11pt.clo)
 (/usr/local/texlive/2025basic/texmf-dist/tex/latex/koma-script/typearea.sty
(/usr/local/texlive/2025basic/texmf-dist/tex/latex/lm/ot1lmr.fd)))
(/usr/local/texlive/2025basic/texmf-dist/tex/latex/koma-script/scrlayer-scrpage
.sty
(/usr/local/texlive/2025basic/texmf-dist/tex/latex/koma-script/scrlayer.sty))
(/usr/local/texlive/2025basic/texmf-dist/tex/latex/base/fontenc.sty
(/usr/local/texlive/2025basic/texmf-dist/tex/latex/lm/t1lmr.fd))
(/usr/local/texlive/2025basic/texmf-dist/tex/latex/microtype/microtype.sty
(/Users/lizhuolun/Library/texmf/tex/latex/etoolbox/etoolbox.sty)
(/usr/local/texlive/2025basic/texmf-dist/tex/latex/microtype/microtype-pdftex.d
ef) (/usr/local/texlive/2025basic/texmf-dist/tex/latex/microtype/microtype.cfg)
) (/Users/lizhuolun/Library/texmf/tex/latex/datetime2/datetime2.sty
(/Users/lizhuolun/Library/texmf/tex/latex/tracklang/tracklang.sty
(/Users/lizhuolun/Library/texmf/tex/generic/tracklang/tracklang.tex))

Package datetime2 Warning: Date-Time Language Module `british' not installed on
 input line 1913.

)

Package datetime2 Warning: Region `en-GB' has ignored 
(datetime2)                the following settings:
(datetime2)                ord=omit
 on input line 75.

(./bristol-colours.sty
(/usr/local/texlive/2025basic/texmf-dist/tex/latex/xcolor/xcolor.sty
(/usr/local/texlive/2025basic/texmf-dist/tex/latex/graphics-cfg/color.cfg)
(/usr/local/texlive/2025basic/texmf-dist/tex/latex/graphics-def/pdftex.def)
(/usr/local/texlive/2025basic/texmf-dist/tex/latex/graphics/mathcolor.ltx)))
(/usr/local/texlive/2025basic/texmf-dist/tex/latex/amsmath/amsmath.sty
For additional information on amsmath, use the `?' option.
(/usr/local/texlive/2025basic/texmf-dist/tex/latex/amsmath/amstext.sty
(/usr/local/texlive/2025basic/texmf-dist/tex/latex/amsmath/amsgen.sty))
(/usr/local/texlive/2025basic/texmf-dist/tex/latex/amsmath/amsbsy.sty)
(/usr/local/texlive/2025basic/texmf-dist/tex/latex/amsmath/amsopn.sty))
(/usr/local/texlive/2025basic/texmf-dist/tex/latex/amsfonts/amssymb.sty
(/usr/local/texlive/2025basic/texmf-dist/tex/latex/amsfonts/amsfonts.sty))
(/usr/local/texlive/2025basic/texmf-dist/tex/latex/amscls/amsthm.sty)
(/usr/local/texlive/2025basic/texmf-dist/tex/latex/xpatch/xpatch.sty)
(/usr/local/texlive/2025basic/texmf-dist/tex/latex/base/ifthen.sty)
(/Users/lizhuolun/Library/texmf/tex/latex/enumitem/enumitem.sty)
(/usr/local/texlive/2025basic/texmf-dist/tex/latex/tools/array.sty)
(/Users/lizhuolun/Library/texmf/tex/latex/mathtools/mathtools.sty
(/usr/local/texlive/2025basic/texmf-dist/tex/latex/tools/calc.sty)
(/Users/lizhuolun/Library/texmf/tex/latex/mathtools/mhsetup.sty))
(/Users/lizhuolun/Library/texmf/tex/latex/thmtools/thmtools.sty
(/Users/lizhuolun/Library/texmf/tex/latex/thmtools/thm-patch.sty
(/Users/lizhuolun/Library/texmf/tex/latex/thmtools/parseargs.sty))
(/Users/lizhuolun/Library/texmf/tex/latex/thmtools/thm-kv.sty
(/usr/local/texlive/2025basic/texmf-dist/tex/latex/kvsetkeys/kvsetkeys.sty))
(/Users/lizhuolun/Library/texmf/tex/latex/thmtools/thm-autoref.sty
(/Users/lizhuolun/Library/texmf/tex/latex/thmtools/aliasctr.sty))
(/Users/lizhuolun/Library/texmf/tex/latex/thmtools/thm-listof.sty)
(/Users/lizhuolun/Library/texmf/tex/latex/thmtools/thm-restate.sty)
(/Users/lizhuolun/Library/texmf/tex/latex/thmtools/thm-amsthm.sty))
(/usr/local/texlive/2025basic/texmf-dist/tex/latex/hyperref/hyperref.sty
(/usr/local/texlive/2025basic/texmf-dist/tex/generic/iftex/iftex.sty)
(/usr/local/texlive/2025basic/texmf-dist/tex/generic/kvdefinekeys/kvdefinekeys.
sty)
(/usr/local/texlive/2025basic/texmf-dist/tex/generic/pdfescape/pdfescape.sty
(/usr/local/texlive/2025basic/texmf-dist/tex/generic/ltxcmds/ltxcmds.sty)
(/usr/local/texlive/2025basic/texmf-dist/tex/generic/pdftexcmds/pdftexcmds.sty
(/usr/local/texlive/2025basic/texmf-dist/tex/generic/infwarerr/infwarerr.sty)))
 (/usr/local/texlive/2025basic/texmf-dist/tex/latex/hycolor/hycolor.sty)
(/usr/local/texlive/2025basic/texmf-dist/tex/latex/hyperref/nameref.sty
(/usr/local/texlive/2025basic/texmf-dist/tex/latex/refcount/refcount.sty)
(/usr/local/texlive/2025basic/texmf-dist/tex/generic/gettitlestring/gettitlestr
ing.sty
(/usr/local/texlive/2025basic/texmf-dist/tex/latex/kvoptions/kvoptions.sty)))
(/usr/local/texlive/2025basic/texmf-dist/tex/generic/stringenc/stringenc.sty)
(/usr/local/texlive/2025basic/texmf-dist/tex/latex/hyperref/pd1enc.def)
(/usr/local/texlive/2025basic/texmf-dist/tex/generic/intcalc/intcalc.sty)
(/usr/local/texlive/2025basic/texmf-dist/tex/latex/hyperref/puenc.def)
(/usr/local/texlive/2025basic/texmf-dist/tex/latex/url/url.sty)
(/usr/local/texlive/2025basic/texmf-dist/tex/generic/bitset/bitset.sty
(/usr/local/texlive/2025basic/texmf-dist/tex/generic/bigintcalc/bigintcalc.sty)
) (/usr/local/texlive/2025basic/texmf-dist/tex/latex/base/atbegshi-ltx.sty))
(/usr/local/texlive/2025basic/texmf-dist/tex/latex/hyperref/hpdftex.def
(/usr/local/texlive/2025basic/texmf-dist/tex/latex/base/atveryend-ltx.sty)
(/usr/local/texlive/2025basic/texmf-dist/tex/latex/rerunfilecheck/rerunfilechec
k.sty
(/usr/local/texlive/2025basic/texmf-dist/tex/generic/uniquecounter/uniquecounte
r.sty))) (/Users/lizhuolun/Library/texmf/tex/latex/cleveref/cleveref.sty)
(/Users/lizhuolun/Library/texmf/tex/latex/biblatex/biblatex.sty
(/Users/lizhuolun/Library/texmf/tex/latex/logreq/logreq.sty
(/Users/lizhuolun/Library/texmf/tex/latex/logreq/logreq.def))
(/Users/lizhuolun/Library/texmf/tex/latex/biblatex/blx-dm.def)
(/Users/lizhuolun/Library/texmf/tex/latex/biblatex/blx-compat.def)
(/Users/lizhuolun/Library/texmf/tex/latex/biblatex/biblatex.def)
(./acmnumeric.bbx
(/Users/lizhuolun/Library/texmf/tex/latex/biblatex-trad/trad-plain.bbx
(/Users/lizhuolun/Library/texmf/tex/latex/biblatex-trad/trad-standard.bbx
(/Users/lizhuolun/Library/texmf/tex/latex/biblatex/bbx/standard.bbx)))
(/Users/lizhuolun/Library/texmf/tex/latex/biblatex-software/software.bbx
(/Users/lizhuolun/Library/texmf/tex/latex/xurl/xurl.sty
xurl: Set penalties for biblatex
))) (./acmnumeric.cbx
(/Users/lizhuolun/Library/texmf/tex/latex/biblatex/cbx/numeric.cbx))
(/Users/lizhuolun/Library/texmf/tex/latex/biblatex/biblatex.cfg)
(/Users/lizhuolun/Library/texmf/tex/latex/biblatex/blx-case-expl3.sty)))
(/usr/local/texlive/2025basic/texmf-dist/tex/latex/tools/longtable.sty)
(/usr/local/texlive/2025basic/texmf-dist/tex/latex/booktabs/booktabs.sty)
(/Users/lizhuolun/Library/texmf/tex/latex/multirow/multirow.sty)
(/usr/local/texlive/2025basic/texmf-dist/tex/latex/graphics/graphicx.sty
(/usr/local/texlive/2025basic/texmf-dist/tex/latex/graphics/graphics.sty
(/usr/local/texlive/2025basic/texmf-dist/tex/latex/graphics/trig.sty)
(/usr/local/texlive/2025basic/texmf-dist/tex/latex/graphics-cfg/graphics.cfg)))
 (/usr/local/texlive/2025basic/texmf-dist/tex/latex/float/float.sty)
(./wordcount.tex)

LaTeX Warning: Unused global option(s):
    [bibstyle=acmnumeric,twoside=false].

(./thesis.aux)
(/usr/local/texlive/2025basic/texmf-dist/tex/latex/microtype/mt-cmr.cfg)
(/usr/local/texlive/2025basic/texmf-dist/tex/context/base/mkii/supp-pdf.mkii
[Loading MPS to PDF converter (version 2006.09.02).]
)
(/usr/local/texlive/2025basic/texmf-dist/tex/latex/epstopdf-pkg/epstopdf-base.s
ty
(/usr/local/texlive/2025basic/texmf-dist/tex/latex/latexconfig/epstopdf-sys.cfg
)) (./thesis.out) (./thesis.out)
(/usr/local/texlive/2025basic/texmf-dist/tex/latex/bookmark/bookmark.sty
(/usr/local/texlive/2025basic/texmf-dist/tex/latex/bookmark/bkm-pdftex.def))
(/Users/lizhuolun/Library/texmf/tex/latex/biblatex/lbx/american.lbx
(/Users/lizhuolun/Library/texmf/tex/latex/biblatex-software/english-software.lb
x (/Users/lizhuolun/Library/texmf/tex/latex/biblatex/lbx/english.lbx))
(/Users/lizhuolun/Library/texmf/tex/latex/biblatex-software/english-software.lb
x (/Users/lizhuolun/Library/texmf/tex/latex/biblatex/lbx/english.lbx)))
(./thesis.bbl)

Package typearea Warning: \typearea used at group level 7.
(typearea)                Using \typearea inside any group, e.g.
(typearea)                environments, math mode, boxes, etc. may result in
(typearea)                many type setting problems.
(typearea)                You should move the command \typearea
(typearea)                outside all groups on input line 57.

(/usr/local/texlive/2025basic/texmf-dist/tex/latex/lm/omllmm.fd)
(/usr/local/texlive/2025basic/texmf-dist/tex/latex/lm/omslmsy.fd)
(/usr/local/texlive/2025basic/texmf-dist/tex/latex/lm/omxlmex.fd)
(/usr/local/texlive/2025basic/texmf-dist/tex/latex/amsfonts/umsa.fd)
(/usr/local/texlive/2025basic/texmf-dist/tex/latex/microtype/mt-msa.cfg)
(/usr/local/texlive/2025basic/texmf-dist/tex/latex/amsfonts/umsb.fd)
(/usr/local/texlive/2025basic/texmf-dist/tex/latex/microtype/mt-msb.cfg)

Package scrlayer-scrpage Warning: \headheight to low.
(scrlayer-scrpage)                At least 20.4pt needed,
(scrlayer-scrpage)                but only 0.0pt found.
(scrlayer-scrpage)                I'll enlarge \headheight, for further
(scrlayer-scrpage)                processing, but you should do this yourself,
(scrlayer-scrpage)                e.g., setting typearea's option
(scrlayer-scrpage)                `headheight=20.4pt'.
(scrlayer-scrpage)                I'll also decrease \topmargin on input line 5
7.


Overfull \vbox (20.4pt too high) has occurred while \output is active [1{/usr/l
ocal/texlive/2025basic/texmf-var/fonts/map/pdftex/updmap/pdftex.map}{/usr/local
/texlive/2025basic/texmf-dist/fonts/enc/dvips/lm/lm-ec.enc} <./UoB_RGB_24.jpg>]


Package typearea Warning: \typearea used at group level 2.
(typearea)                Using \typearea inside any group, e.g.
(typearea)                environments, math mode, boxes, etc. may result in
(typearea)                many type setting problems.
(typearea)                You should move the command \typearea
(typearea)                outside all groups on input line 61.

(./abstract.tex)
[2]
[3]
[4 <./sig.png>] (./thesis.toc
[1]
[2]
[3{/usr/local/texlive/2025basic/texmf-dist/fonts/enc/dvips/lm/lm-mathsy.enc}])
[4] (./thesis.lof
[5{/usr/local/texlive/2025basic/texmf-dist/fonts/enc/dvips/lm/lm-mathit.enc}{/u
sr/local/texlive/2025basic/texmf-dist/fonts/enc/dvips/lm/lm-rm.enc}]
[6])
[7] (./ch/01_introduction.tex
chapter 1.

[1] (/usr/local/texlive/2025basic/texmf-dist/tex/latex/lm/ts1lmr.fd)
[2{/usr/local/texlive/2025basic/texmf-dist/fonts/enc/dvips/lm/lm-ts1.enc}]
[3]) (./ch/02_background.tex
Overfull \hbox (12.51677pt too wide) in paragraph at lines 123--1
\T1/lmr/m/n/10.95 (-20) augmented paradigm, the spe-cific prediction-based matc
h-ing al-go-rithms, and the distribution-

[4]
chapter 2.

[5]
[6]
[7]
[8]
[9]) (./ch/03_model_methodology.tex
[10]
chapter 3.

[11]
[12]
[13]
[14]) (./ch/04_unified_benchmark.tex
[15
pdfTeX warning (ext4): destination with the same identifier (name{figure.3.1}) 
has been already used, duplicate ignored
<argument> ...shipout:D \box_use:N \l_shipout_box 
                                                  \__shipout_drop_firstpage_...
l.1 \chapter
            {The Unified Benchmark} <../../results/er_full.png>]
[16
pdfTeX warning (ext4): destination with the same identifier (name{figure.3.2}) 
has been already used, duplicate ignored
<argument> ...shipout:D \box_use:N \l_shipout_box 
                                                  \__shipout_drop_firstpage_...
l.1 \chapter
            {The Unified Benchmark} <../../results/left_regular.png>]
chapter 4.

[17]
Overfull \hbox (1.38869pt too wide) in paragraph at lines 95--108
[][] 

[18]
[19
pdfTeX warning (ext4): destination with the same identifier (name{table.4.1}) h
as been already used, duplicate ignored
<argument> ...shipout:D \box_use:N \l_shipout_box 
                                                  \__shipout_drop_firstpage_...
l.148 
       <../../results/unified_benchmark_panelA.png> <../../results/unified_benc
hmark_panelB.png> <../../results/unified_benchmark_panelC.png>]
[20]) (./ch/05_order_error.tex
[21
pdfTeX warning (ext4): destination with the same identifier (name{figure.4.1}) 
has been already used, duplicate ignored
<argument> ...shipout:D \box_use:N \l_shipout_box 
                                                  \__shipout_drop_firstpage_...
l.1 \chapter
            {What Governs the Loss: Order Error and ACI's <../../results/consis
tency_robustness.png>]
chapter 5.
(/usr/local/texlive/2025basic/texmf-dist/tex/latex/lm/t1lmtt.fd)
[22]
[23
pdfTeX warning (ext4): destination with the same identifier (name{figure.5.1}) 
has been already used, duplicate ignored
<argument> ...shipout:D \box_use:N \l_shipout_box 
                                                  \__shipout_drop_firstpage_...
l.60 
      <../../results/order_vs_theory.png>]) (./ch/06_test_and_fallback.tex
[24]
chapter 6.

[25]
[26
pdfTeX warning (ext4): destination with the same identifier (name{figure.6.1}) 
has been already used, duplicate ignored
<argument> ...shipout:D \box_use:N \l_shipout_box 
                                                  \__shipout_drop_firstpage_...
l.79 
      <../../results/choo_bem_envelope.png>]
[27
pdfTeX warning (ext4): destination with the same identifier (name{figure.6.2}) 
has been already used, duplicate ignored
<argument> ...shipout:D \box_use:N \l_shipout_box 
                                                  \__shipout_drop_firstpage_...
l.100 
       <../../results/choo_bem_prefix.png>]
[28
pdfTeX warning (ext4): destination with the same identifier (name{figure.6.3}) 
has been already used, duplicate ignored
<argument> ...shipout:D \box_use:N \l_shipout_box 
                                                  \__shipout_drop_firstpage_...
l.120 
       <../../results/recalibration_prefix.png>])
(./ch/07_external_validity.tex
[29]
chapter 7.

[30]
[31
pdfTeX warning (ext4): destination with the same identifier (name{figure.7.1}) 
has been already used, duplicate ignored
<argument> ...shipout:D \box_use:N \l_shipout_box 
                                                  \__shipout_drop_firstpage_...
l.68 
      <../../results/real_predictor.png>]
[32
pdfTeX warning (ext4): destination with the same identifier (name{figure.7.2}) 
has been already used, duplicate ignored
<argument> ...shipout:D \box_use:N \l_shipout_box 
                                                  \__shipout_drop_firstpage_...
l.95 
      <../../results/realworld_robustness.png>])
(./ch/08_exploratory_negatives.tex
[33]
chapter 8.

[34]
[35
pdfTeX warning (ext4): destination with the same identifier (name{figure.8.1}) 
has been already used, duplicate ignored
<argument> ...shipout:D \box_use:N \l_shipout_box 
                                                  \__shipout_drop_firstpage_...
l.65 
      <../../results/rank_vs_mse_mve.png>]
[36
pdfTeX warning (ext4): destination with the same identifier (name{figure.8.2}) 
has been already used, duplicate ignored
<argument> ...shipout:D \box_use:N \l_shipout_box 
                                                  \__shipout_drop_firstpage_...
l.97 
      <../../results/rank_real_trace.png>]
[37]
[38
pdfTeX warning (ext4): destination with the same identifier (name{figure.8.3}) 
has been already used, duplicate ignored
<argument> ...shipout:D \box_use:N \l_shipout_box 
                                                  \__shipout_drop_firstpage_...
l.156 
       <../../results/serving_slo_probe.png>]) (./ch/09_theory.tex
[39]
chapter 9.

[40]
[41
pdfTeX warning (ext4): destination with the same identifier (name{figure.9.1}) 
has been already used, duplicate ignored
<argument> ...shipout:D \box_use:N \l_shipout_box 
                                                  \__shipout_drop_firstpage_...
l.62 
      <../../results/impossibility_frontier.png>]
[42]
[43]) (./ch/10_serving_case_study.tex
[44]
chapter 10.

[45]
[46
pdfTeX warning (ext4): destination with the same identifier (name{figure.10.1})
 has been already used, duplicate ignored
<argument> ...shipout:D \box_use:N \l_shipout_box 
                                                  \__shipout_drop_firstpage_...
l.100 
       <../../results/serving_envelope.png>]
[47
pdfTeX warning (ext4): destination with the same identifier (name{figure.10.2})
 has been already used, duplicate ignored
<argument> ...shipout:D \box_use:N \l_shipout_box 
                                                  \__shipout_drop_firstpage_...
l.100 
      
pdfTeX warning (ext4): destination with the same identifier (name{figure.10.3})
 has been already used, duplicate ignored
<argument> ...shipout:D \box_use:N \l_shipout_box 
                                                  \__shipout_drop_firstpage_...
l.100 
       <../../results/serving_dynamic.png> <../../results/prefix_cache_reversal
.png>]) (./ch/11_conclusion.tex
[48]
chapter 11.

[49]
[50])
[51] (./ch/A_reproduction.tex
[52]
chapter A.

Overfull \hbox (9.52542pt too wide) in paragraph at lines 31--34
[]\T1/lmr/m/n/10.95 (-20) Each script writes \T1/lmtt/m/n/10.95 results/<name>.
json \T1/lmr/m/n/10.95 (-20) (raw means/CIs) and \T1/lmtt/m/n/10.95 results/<na
me>.png

Overfull \hbox (30.90825pt too wide) in paragraph at lines 59--59
[]|\T1/lmtt/m/n/10.95 scripts/run_er_full.py|  

Overfull \hbox (53.90318pt too wide) in paragraph at lines 60--60
[]|\T1/lmtt/m/n/10.95 results/er_full.{json,png}|  

Overfull \hbox (59.65192pt too wide) in paragraph at lines 61--61
[]|\T1/lmtt/m/n/10.95 scripts/run_left_regular.py|  

Overfull \hbox (82.64685pt too wide) in paragraph at lines 62--62
[]|\T1/lmtt/m/n/10.95 results/left_regular.{json,png}|  

Overfull \hbox (89.85434pt too wide) in paragraph at lines 64--65
[]|\T1/lmtt/m/n/10.95 scripts/run_unified_benchmark.py\T1/lmr/m/n/10.95 (-20) ,
 

Overfull \hbox (30.90825pt too wide) in paragraph at lines 64--65
\T1/lmtt/m/n/10.95 plot_unified_panels.py|  

Overfull \hbox (112.84927pt too wide) in paragraph at lines 66--68
[]|\T1/lmtt/m/n/10.95 results/unified_benchmark.{json,png}\T1/lmr/m/n/10.95 (-2
0) , 

Overfull \hbox (101.3518pt too wide) in paragraph at lines 66--68
\T1/lmtt/m/n/10.95 unified_benchmark_panel{A,B,C}.png\T1/lmr/m/n/10.95 (-20) , 


Overfull \hbox (59.65192pt too wide) in paragraph at lines 66--68
\T1/lmtt/m/n/10.95 unified_benchmark_tables.md|  

Overfull \hbox (117.13925pt too wide) in paragraph at lines 70--70
[]|\T1/lmtt/m/n/10.95 scripts/run_consistency_robustness.py|  

Overfull \hbox (140.13419pt too wide) in paragraph at lines 71--71
[]|\T1/lmtt/m/n/10.95 results/consistency_robustness.{json,png}|  

Overfull \hbox (76.89812pt too wide) in paragraph at lines 74--74
[]|\T1/lmtt/m/n/10.95 scripts/run_order_vs_theory.py|  

Overfull \hbox (99.89305pt too wide) in paragraph at lines 75--75
[]|\T1/lmtt/m/n/10.95 results/order_vs_theory.{json,png}|  

Overfull \hbox (36.65698pt too wide) in paragraph at lines 77--77
[]|\T1/lmtt/m/n/10.95 scripts/run_choo_bem.py|  

Overfull \hbox (122.88799pt too wide) in paragraph at lines 78--78
[]|\T1/lmtt/m/n/10.95 results/choo_bem_{envelope,prefix}.png|  

Overfull \hbox (65.40065pt too wide) in paragraph at lines 80--80
[]|\T1/lmtt/m/n/10.95 scripts/run_recalibration.py|  

Overfull \hbox (59.65192pt too wide) in paragraph at lines 81--81
[]|\T1/lmtt/m/n/10.95 results/recalibration_*.png|  

Overfull \hbox (71.14938pt too wide) in paragraph at lines 82--82
[]|\T1/lmtt/m/n/10.95 scripts/run_real_predictor.py|  

Overfull \hbox (94.14432pt too wide) in paragraph at lines 83--83
[]|\T1/lmtt/m/n/10.95 results/real_predictor.{json,png}|  

Overfull \hbox (105.64178pt too wide) in paragraph at lines 85--85
[]|\T1/lmtt/m/n/10.95 scripts/run_realworld_robustness.py|  

Overfull \hbox (128.63672pt too wide) in paragraph at lines 86--86
[]|\T1/lmtt/m/n/10.95 results/realworld_robustness.{json,png}|  

Overfull \hbox (76.89812pt too wide) in paragraph at lines 88--88
[]|\T1/lmtt/m/n/10.95 scripts/run_rank_vs_mse_mve.py|  

Overfull \hbox (99.89305pt too wide) in paragraph at lines 89--89
[]|\T1/lmtt/m/n/10.95 results/rank_vs_mse_mve.{json,png}|  

Overfull \hbox (105.64178pt too wide) in paragraph at lines 92--92
[]|\T1/lmtt/m/n/10.95 scripts/run_rank_when_it_matters.py|  

Overfull \hbox (128.63672pt too wide) in paragraph at lines 93--93
[]|\T1/lmtt/m/n/10.95 results/rank_when_it_matters.{json,png}|  

Overfull \hbox (76.89812pt too wide) in paragraph at lines 96--96
[]|\T1/lmtt/m/n/10.95 scripts/run_rank_real_trace.py|  

Overfull \hbox (99.89305pt too wide) in paragraph at lines 97--97
[]|\T1/lmtt/m/n/10.95 results/rank_real_trace.{json,png}|  

Overfull \hbox (88.39558pt too wide) in paragraph at lines 99--99
[]|\T1/lmtt/m/n/10.95 scripts/run_serving_slo_probe.py|  

Overfull \hbox (111.39052pt too wide) in paragraph at lines 100--100
[]|\T1/lmtt/m/n/10.95 results/serving_slo_probe.{json,png}|  

Overfull \hbox (117.13925pt too wide) in paragraph at lines 103--103
[]|\T1/lmtt/m/n/10.95 scripts/run_impossibility_frontier.py|  

Overfull \hbox (140.13419pt too wide) in paragraph at lines 104--104
[]|\T1/lmtt/m/n/10.95 results/impossibility_frontier.{json,png}|  

Overfull \hbox (32.367pt too wide) in paragraph at lines 106--108
[]|\T1/lmtt/m/n/10.95 scripts/run_serving.py\T1/lmr/m/n/10.95 (-20) , 

Overfull \hbox (20.86954pt too wide) in paragraph at lines 106--108
\T1/lmtt/m/n/10.95 run_serving_trace.py\T1/lmr/m/n/10.95 (-20) , 

Overfull \hbox (32.367pt too wide) in paragraph at lines 106--108
\T1/lmtt/m/n/10.95 run_serving_dynamic.py\T1/lmr/m/n/10.95 (-20) , 

Overfull \hbox (13.66205pt too wide) in paragraph at lines 106--108
\T1/lmtt/m/n/10.95 run_prefix_cache.py|  

Overfull \hbox (26.61827pt too wide) in paragraph at lines 108--109
[]|\T1/lmtt/m/n/10.95 results/serving_*.png\T1/lmr/m/n/10.95 (-20) , 

Overfull \hbox (7.91331pt too wide) in paragraph at lines 108--109
\T1/lmtt/m/n/10.95 prefix_cache_*.png|  

Overfull \hbox (42.40572pt too wide) in paragraph at lines 111--111
[]|\T1/lmtt/m/n/10.95 scripts/run_realworld.py|  

Overfull \hbox (30.90825pt too wide) in paragraph at lines 111--111
[]|\T1/lmtt/m/n/10.95 results/realworld.json|  

[53] [54]
Overfull \hbox (7.15073pt too wide) in paragraph at lines 140--140
[]\T1/lmtt/m/n/10.95 python3 scripts/plot_unified_panels.py          # Table 4.
1 (panel charts)[] 

[55]
Overfull \hbox (24.39693pt too wide) in paragraph at lines 140--140
[]\T1/lmtt/m/n/10.95 python3 scripts/run_consistency_robustness.py   # Fig 4.1 
(replots Table 4.1)[] 

Overfull \hbox (0.10036pt too wide) in alignment at lines 165--183
 [] [] [] [] [] [] [] 

Overfull \hbox (0.10036pt too wide) in alignment at lines 183--185
 [] [] [] [] [] [] [] 

Overfull \hbox (0.10036pt too wide) in alignment at lines 185--192
 [] [] [] [] [] [] [] 
[56]
[57]
Overfull \hbox (27.54663pt too wide) in paragraph at lines 237--245
\T1/lmtt/m/n/10.95 socfb-Caltech36\T1/lmr/m/n/10.95 (-20) , \T1/lmtt/m/n/10.95 
socfb-Reed98\T1/lmr/m/n/10.95 (-20) , \T1/lmtt/m/n/10.95 bio-CE-GN\T1/lmr/m/n/1
0.95 (-20) , \T1/lmtt/m/n/10.95 bio-CE-PG\T1/lmr/m/n/10.95 (-20) , \T1/lmtt/m/n
/10.95 econ-beause\T1/lmr/m/n/10.95 (-20) , \T1/lmtt/m/n/10.95 econ-mbeaflw
) (./ch/B_proof_details.tex
[58]
chapter B.

[59]
[60]
[61]
[62]
[63{/usr/local/texlive/2025basic/texmf-dist/fonts/enc/dvips/lm/lm-mathex.enc}]
[64]
[65]
[66])
[67]
chapter without number

[68]
[69]
[70] (./thesis.aux) )
(see the transcript file for additional information)</usr/local/texlive/2025bas
ic/texmf-dist/fonts/type1/public/lm/lmbx10.pfb></usr/local/texlive/2025basic/te
xmf-dist/fonts/type1/public/lm/lmbx12.pfb></usr/local/texlive/2025basic/texmf-d
ist/fonts/type1/public/lm/lmbx9.pfb></usr/local/texlive/2025basic/texmf-dist/fo
nts/type1/public/lm/lmex10.pfb></usr/local/texlive/2025basic/texmf-dist/fonts/t
ype1/public/lm/lmmi10.pfb></usr/local/texlive/2025basic/texmf-dist/fonts/type1/
public/lm/lmmi8.pfb></usr/local/texlive/2025basic/texmf-dist/fonts/type1/public
/lm/lmmi9.pfb></usr/local/texlive/2025basic/texmf-dist/fonts/type1/public/lm/lm
r10.pfb></usr/local/texlive/2025basic/texmf-dist/fonts/type1/public/lm/lmr12.pf
b></usr/local/texlive/2025basic/texmf-dist/fonts/type1/public/lm/lmr8.pfb></usr
/local/texlive/2025basic/texmf-dist/fonts/type1/public/lm/lmr9.pfb></usr/local/
texlive/2025basic/texmf-dist/fonts/type1/public/lm/lmri10.pfb></usr/local/texli
ve/2025basic/texmf-dist/fonts/type1/public/lm/lmri9.pfb></usr/local/texlive/202
5basic/texmf-dist/fonts/type1/public/lm/lmro10.pfb></usr/local/texlive/2025basi
c/texmf-dist/fonts/type1/public/lm/lmsy10.pfb></usr/local/texlive/2025basic/tex
mf-dist/fonts/type1/public/lm/lmsy8.pfb></usr/local/texlive/2025basic/texmf-dis
t/fonts/type1/public/lm/lmtt10.pfb></usr/local/texlive/2025basic/texmf-dist/fon
ts/type1/public/amsfonts/symbols/msam10.pfb></usr/local/texlive/2025basic/texmf
-dist/fonts/type1/public/amsfonts/symbols/msbm10.pfb>
Output written on thesis.pdf (81 pages, 2486713 bytes).
Transcript written on thesis.log.
This is pdfTeX, Version 3.141592653-2.6-1.40.27 (TeX Live 2025) (preloaded format=pdflatex)
 restricted \write18 enabled.
entering extended mode
(./thesis.tex
LaTeX2e <2024-11-01> patch level 2
L3 programming layer <2025-01-18>
(./uob-thesis.cls
Document Class: uob-thesis 2023/05/15 University of Bristol thesis template
(/Users/lizhuolun/Library/texmf/tex/latex/xkeyval/xkeyval.sty
(/Users/lizhuolun/Library/texmf/tex/generic/xkeyval/xkeyval.tex
(/Users/lizhuolun/Library/texmf/tex/generic/xkeyval/xkvutils.tex
(/Users/lizhuolun/Library/texmf/tex/generic/xkeyval/keyval.tex))))
(/usr/local/texlive/2025basic/texmf-dist/tex/latex/l3packages/xparse/xparse.sty
(/usr/local/texlive/2025basic/texmf-dist/tex/latex/l3kernel/expl3.sty
(/usr/local/texlive/2025basic/texmf-dist/tex/latex/l3backend/l3backend-pdftex.d
ef))) (/usr/local/texlive/2025basic/texmf-dist/tex/latex/lm/lmodern.sty)
(/usr/local/texlive/2025basic/texmf-dist/tex/latex/koma-script/scrbook.cls
Document Class: scrbook 2024/10/24 v3.43 KOMA-Script document class (book)
(/usr/local/texlive/2025basic/texmf-dist/tex/latex/koma-script/scrkbase.sty
(/usr/local/texlive/2025basic/texmf-dist/tex/latex/koma-script/scrbase.sty
(/usr/local/texlive/2025basic/texmf-dist/tex/latex/koma-script/scrlfile.sty
(/usr/local/texlive/2025basic/texmf-dist/tex/latex/koma-script/scrlfile-hook.st
y (/usr/local/texlive/2025basic/texmf-dist/tex/latex/koma-script/scrlogo.sty)))
)) (/usr/local/texlive/2025basic/texmf-dist/tex/latex/koma-script/tocbasic.sty)
(/usr/local/texlive/2025basic/texmf-dist/tex/latex/koma-script/scrsize11pt.clo)
 (/usr/local/texlive/2025basic/texmf-dist/tex/latex/koma-script/typearea.sty
(/usr/local/texlive/2025basic/texmf-dist/tex/latex/lm/ot1lmr.fd)))
(/usr/local/texlive/2025basic/texmf-dist/tex/latex/koma-script/scrlayer-scrpage
.sty
(/usr/local/texlive/2025basic/texmf-dist/tex/latex/koma-script/scrlayer.sty))
(/usr/local/texlive/2025basic/texmf-dist/tex/latex/base/fontenc.sty
(/usr/local/texlive/2025basic/texmf-dist/tex/latex/lm/t1lmr.fd))
(/usr/local/texlive/2025basic/texmf-dist/tex/latex/microtype/microtype.sty
(/Users/lizhuolun/Library/texmf/tex/latex/etoolbox/etoolbox.sty)
(/usr/local/texlive/2025basic/texmf-dist/tex/latex/microtype/microtype-pdftex.d
ef) (/usr/local/texlive/2025basic/texmf-dist/tex/latex/microtype/microtype.cfg)
) (/Users/lizhuolun/Library/texmf/tex/latex/datetime2/datetime2.sty
(/Users/lizhuolun/Library/texmf/tex/latex/tracklang/tracklang.sty
(/Users/lizhuolun/Library/texmf/tex/generic/tracklang/tracklang.tex))

Package datetime2 Warning: Date-Time Language Module `british' not installed on
 input line 1913.

)

Package datetime2 Warning: Region `en-GB' has ignored 
(datetime2)                the following settings:
(datetime2)                ord=omit
 on input line 75.

(./bristol-colours.sty
(/usr/local/texlive/2025basic/texmf-dist/tex/latex/xcolor/xcolor.sty
(/usr/local/texlive/2025basic/texmf-dist/tex/latex/graphics-cfg/color.cfg)
(/usr/local/texlive/2025basic/texmf-dist/tex/latex/graphics-def/pdftex.def)
(/usr/local/texlive/2025basic/texmf-dist/tex/latex/graphics/mathcolor.ltx)))
(/usr/local/texlive/2025basic/texmf-dist/tex/latex/amsmath/amsmath.sty
For additional information on amsmath, use the `?' option.
(/usr/local/texlive/2025basic/texmf-dist/tex/latex/amsmath/amstext.sty
(/usr/local/texlive/2025basic/texmf-dist/tex/latex/amsmath/amsgen.sty))
(/usr/local/texlive/2025basic/texmf-dist/tex/latex/amsmath/amsbsy.sty)
(/usr/local/texlive/2025basic/texmf-dist/tex/latex/amsmath/amsopn.sty))
(/usr/local/texlive/2025basic/texmf-dist/tex/latex/amsfonts/amssymb.sty
(/usr/local/texlive/2025basic/texmf-dist/tex/latex/amsfonts/amsfonts.sty))
(/usr/local/texlive/2025basic/texmf-dist/tex/latex/amscls/amsthm.sty)
(/usr/local/texlive/2025basic/texmf-dist/tex/latex/xpatch/xpatch.sty)
(/usr/local/texlive/2025basic/texmf-dist/tex/latex/base/ifthen.sty)
(/Users/lizhuolun/Library/texmf/tex/latex/enumitem/enumitem.sty)
(/usr/local/texlive/2025basic/texmf-dist/tex/latex/tools/array.sty)
(/Users/lizhuolun/Library/texmf/tex/latex/mathtools/mathtools.sty
(/usr/local/texlive/2025basic/texmf-dist/tex/latex/tools/calc.sty)
(/Users/lizhuolun/Library/texmf/tex/latex/mathtools/mhsetup.sty))
(/Users/lizhuolun/Library/texmf/tex/latex/thmtools/thmtools.sty
(/Users/lizhuolun/Library/texmf/tex/latex/thmtools/thm-patch.sty
(/Users/lizhuolun/Library/texmf/tex/latex/thmtools/parseargs.sty))
(/Users/lizhuolun/Library/texmf/tex/latex/thmtools/thm-kv.sty
(/usr/local/texlive/2025basic/texmf-dist/tex/latex/kvsetkeys/kvsetkeys.sty))
(/Users/lizhuolun/Library/texmf/tex/latex/thmtools/thm-autoref.sty
(/Users/lizhuolun/Library/texmf/tex/latex/thmtools/aliasctr.sty))
(/Users/lizhuolun/Library/texmf/tex/latex/thmtools/thm-listof.sty)
(/Users/lizhuolun/Library/texmf/tex/latex/thmtools/thm-restate.sty)
(/Users/lizhuolun/Library/texmf/tex/latex/thmtools/thm-amsthm.sty))
(/usr/local/texlive/2025basic/texmf-dist/tex/latex/hyperref/hyperref.sty
(/usr/local/texlive/2025basic/texmf-dist/tex/generic/iftex/iftex.sty)
(/usr/local/texlive/2025basic/texmf-dist/tex/generic/kvdefinekeys/kvdefinekeys.
sty)
(/usr/local/texlive/2025basic/texmf-dist/tex/generic/pdfescape/pdfescape.sty
(/usr/local/texlive/2025basic/texmf-dist/tex/generic/ltxcmds/ltxcmds.sty)
(/usr/local/texlive/2025basic/texmf-dist/tex/generic/pdftexcmds/pdftexcmds.sty
(/usr/local/texlive/2025basic/texmf-dist/tex/generic/infwarerr/infwarerr.sty)))
 (/usr/local/texlive/2025basic/texmf-dist/tex/latex/hycolor/hycolor.sty)
(/usr/local/texlive/2025basic/texmf-dist/tex/latex/hyperref/nameref.sty
(/usr/local/texlive/2025basic/texmf-dist/tex/latex/refcount/refcount.sty)
(/usr/local/texlive/2025basic/texmf-dist/tex/generic/gettitlestring/gettitlestr
ing.sty
(/usr/local/texlive/2025basic/texmf-dist/tex/latex/kvoptions/kvoptions.sty)))
(/usr/local/texlive/2025basic/texmf-dist/tex/generic/stringenc/stringenc.sty)
(/usr/local/texlive/2025basic/texmf-dist/tex/latex/hyperref/pd1enc.def)
(/usr/local/texlive/2025basic/texmf-dist/tex/generic/intcalc/intcalc.sty)
(/usr/local/texlive/2025basic/texmf-dist/tex/latex/hyperref/puenc.def)
(/usr/local/texlive/2025basic/texmf-dist/tex/latex/url/url.sty)
(/usr/local/texlive/2025basic/texmf-dist/tex/generic/bitset/bitset.sty
(/usr/local/texlive/2025basic/texmf-dist/tex/generic/bigintcalc/bigintcalc.sty)
) (/usr/local/texlive/2025basic/texmf-dist/tex/latex/base/atbegshi-ltx.sty))
(/usr/local/texlive/2025basic/texmf-dist/tex/latex/hyperref/hpdftex.def
(/usr/local/texlive/2025basic/texmf-dist/tex/latex/base/atveryend-ltx.sty)
(/usr/local/texlive/2025basic/texmf-dist/tex/latex/rerunfilecheck/rerunfilechec
k.sty
(/usr/local/texlive/2025basic/texmf-dist/tex/generic/uniquecounter/uniquecounte
r.sty))) (/Users/lizhuolun/Library/texmf/tex/latex/cleveref/cleveref.sty)
(/Users/lizhuolun/Library/texmf/tex/latex/biblatex/biblatex.sty
(/Users/lizhuolun/Library/texmf/tex/latex/logreq/logreq.sty
(/Users/lizhuolun/Library/texmf/tex/latex/logreq/logreq.def))
(/Users/lizhuolun/Library/texmf/tex/latex/biblatex/blx-dm.def)
(/Users/lizhuolun/Library/texmf/tex/latex/biblatex/blx-compat.def)
(/Users/lizhuolun/Library/texmf/tex/latex/biblatex/biblatex.def)
(./acmnumeric.bbx
(/Users/lizhuolun/Library/texmf/tex/latex/biblatex-trad/trad-plain.bbx
(/Users/lizhuolun/Library/texmf/tex/latex/biblatex-trad/trad-standard.bbx
(/Users/lizhuolun/Library/texmf/tex/latex/biblatex/bbx/standard.bbx)))
(/Users/lizhuolun/Library/texmf/tex/latex/biblatex-software/software.bbx
(/Users/lizhuolun/Library/texmf/tex/latex/xurl/xurl.sty
xurl: Set penalties for biblatex
))) (./acmnumeric.cbx
(/Users/lizhuolun/Library/texmf/tex/latex/biblatex/cbx/numeric.cbx))
(/Users/lizhuolun/Library/texmf/tex/latex/biblatex/biblatex.cfg)
(/Users/lizhuolun/Library/texmf/tex/latex/biblatex/blx-case-expl3.sty)))
(/usr/local/texlive/2025basic/texmf-dist/tex/latex/tools/longtable.sty)
(/usr/local/texlive/2025basic/texmf-dist/tex/latex/booktabs/booktabs.sty)
(/Users/lizhuolun/Library/texmf/tex/latex/multirow/multirow.sty)
(/usr/local/texlive/2025basic/texmf-dist/tex/latex/graphics/graphicx.sty
(/usr/local/texlive/2025basic/texmf-dist/tex/latex/graphics/graphics.sty
(/usr/local/texlive/2025basic/texmf-dist/tex/latex/graphics/trig.sty)
(/usr/local/texlive/2025basic/texmf-dist/tex/latex/graphics-cfg/graphics.cfg)))
 (/usr/local/texlive/2025basic/texmf-dist/tex/latex/float/float.sty)
(./wordcount.tex)

LaTeX Warning: Unused global option(s):
    [bibstyle=acmnumeric,twoside=false].

(./thesis.aux)
(/usr/local/texlive/2025basic/texmf-dist/tex/latex/microtype/mt-cmr.cfg)
(/usr/local/texlive/2025basic/texmf-dist/tex/context/base/mkii/supp-pdf.mkii
[Loading MPS to PDF converter (version 2006.09.02).]
)
(/usr/local/texlive/2025basic/texmf-dist/tex/latex/epstopdf-pkg/epstopdf-base.s
ty
(/usr/local/texlive/2025basic/texmf-dist/tex/latex/latexconfig/epstopdf-sys.cfg
)) (./thesis.out) (./thesis.out)
(/usr/local/texlive/2025basic/texmf-dist/tex/latex/bookmark/bookmark.sty
(/usr/local/texlive/2025basic/texmf-dist/tex/latex/bookmark/bkm-pdftex.def))
(/Users/lizhuolun/Library/texmf/tex/latex/biblatex/lbx/american.lbx
(/Users/lizhuolun/Library/texmf/tex/latex/biblatex-software/english-software.lb
x (/Users/lizhuolun/Library/texmf/tex/latex/biblatex/lbx/english.lbx))
(/Users/lizhuolun/Library/texmf/tex/latex/biblatex-software/english-software.lb
x (/Users/lizhuolun/Library/texmf/tex/latex/biblatex/lbx/english.lbx)))
(./thesis.bbl)

Package typearea Warning: \typearea used at group level 7.
(typearea)                Using \typearea inside any group, e.g.
(typearea)                environments, math mode, boxes, etc. may result in
(typearea)                many type setting problems.
(typearea)                You should move the command \typearea
(typearea)                outside all groups on input line 57.

(/usr/local/texlive/2025basic/texmf-dist/tex/latex/lm/omllmm.fd)
(/usr/local/texlive/2025basic/texmf-dist/tex/latex/lm/omslmsy.fd)
(/usr/local/texlive/2025basic/texmf-dist/tex/latex/lm/omxlmex.fd)
(/usr/local/texlive/2025basic/texmf-dist/tex/latex/amsfonts/umsa.fd)
(/usr/local/texlive/2025basic/texmf-dist/tex/latex/microtype/mt-msa.cfg)
(/usr/local/texlive/2025basic/texmf-dist/tex/latex/amsfonts/umsb.fd)
(/usr/local/texlive/2025basic/texmf-dist/tex/latex/microtype/mt-msb.cfg)

Package scrlayer-scrpage Warning: \headheight to low.
(scrlayer-scrpage)                At least 20.4pt needed,
(scrlayer-scrpage)                but only 0.0pt found.
(scrlayer-scrpage)                I'll enlarge \headheight, for further
(scrlayer-scrpage)                processing, but you should do this yourself,
(scrlayer-scrpage)                e.g., setting typearea's option
(scrlayer-scrpage)                `headheight=20.4pt'.
(scrlayer-scrpage)                I'll also decrease \topmargin on input line 5
7.


Overfull \vbox (20.4pt too high) has occurred while \output is active [1{/usr/l
ocal/texlive/2025basic/texmf-var/fonts/map/pdftex/updmap/pdftex.map}{/usr/local
/texlive/2025basic/texmf-dist/fonts/enc/dvips/lm/lm-ec.enc} <./UoB_RGB_24.jpg>]


Package typearea Warning: \typearea used at group level 2.
(typearea)                Using \typearea inside any group, e.g.
(typearea)                environments, math mode, boxes, etc. may result in
(typearea)                many type setting problems.
(typearea)                You should move the command \typearea
(typearea)                outside all groups on input line 61.

(./abstract.tex)
[2]
[3]
[4 <./sig.png>] (./thesis.toc
[1]
[2]
[3{/usr/local/texlive/2025basic/texmf-dist/fonts/enc/dvips/lm/lm-mathsy.enc}])
[4] (./thesis.lof
[5{/usr/local/texlive/2025basic/texmf-dist/fonts/enc/dvips/lm/lm-mathit.enc}{/u
sr/local/texlive/2025basic/texmf-dist/fonts/enc/dvips/lm/lm-rm.enc}]
[6])
[7] (./ch/01_introduction.tex
chapter 1.

[1] (/usr/local/texlive/2025basic/texmf-dist/tex/latex/lm/ts1lmr.fd)
[2{/usr/local/texlive/2025basic/texmf-dist/fonts/enc/dvips/lm/lm-ts1.enc}]
[3]) (./ch/02_background.tex
Overfull \hbox (12.51677pt too wide) in paragraph at lines 123--1
\T1/lmr/m/n/10.95 (-20) augmented paradigm, the spe-cific prediction-based matc
h-ing al-go-rithms, and the distribution-

[4]
chapter 2.

[5]
[6]
[7]
[8]
[9]) (./ch/03_model_methodology.tex
[10]
chapter 3.

[11]
[12]
[13]
[14]) (./ch/04_unified_benchmark.tex
[15
pdfTeX warning (ext4): destination with the same identifier (name{figure.3.1}) 
has been already used, duplicate ignored
<argument> ...shipout:D \box_use:N \l_shipout_box 
                                                  \__shipout_drop_firstpage_...
l.1 \chapter
            {The Unified Benchmark} <../../results/er_full.png>]
[16
pdfTeX warning (ext4): destination with the same identifier (name{figure.3.2}) 
has been already used, duplicate ignored
<argument> ...shipout:D \box_use:N \l_shipout_box 
                                                  \__shipout_drop_firstpage_...
l.1 \chapter
            {The Unified Benchmark} <../../results/left_regular.png>]
chapter 4.

[17]
Overfull \hbox (1.38869pt too wide) in paragraph at lines 95--108
[][] 

[18]
[19
pdfTeX warning (ext4): destination with the same identifier (name{table.4.1}) h
as been already used, duplicate ignored
<argument> ...shipout:D \box_use:N \l_shipout_box 
                                                  \__shipout_drop_firstpage_...
l.148 
       <../../results/unified_benchmark_panelA.png> <../../results/unified_benc
hmark_panelB.png> <../../results/unified_benchmark_panelC.png>]
[20]) (./ch/05_order_error.tex
[21
pdfTeX warning (ext4): destination with the same identifier (name{figure.4.1}) 
has been already used, duplicate ignored
<argument> ...shipout:D \box_use:N \l_shipout_box 
                                                  \__shipout_drop_firstpage_...
l.1 \chapter
            {What Governs the Loss: Order Error and ACI's <../../results/consis
tency_robustness.png>]
chapter 5.
(/usr/local/texlive/2025basic/texmf-dist/tex/latex/lm/t1lmtt.fd)
[22]
[23
pdfTeX warning (ext4): destination with the same identifier (name{figure.5.1}) 
has been already used, duplicate ignored
<argument> ...shipout:D \box_use:N \l_shipout_box 
                                                  \__shipout_drop_firstpage_...
l.60 
      <../../results/order_vs_theory.png>]) (./ch/06_test_and_fallback.tex
[24]
chapter 6.

[25]
[26
pdfTeX warning (ext4): destination with the same identifier (name{figure.6.1}) 
has been already used, duplicate ignored
<argument> ...shipout:D \box_use:N \l_shipout_box 
                                                  \__shipout_drop_firstpage_...
l.79 
      <../../results/choo_bem_envelope.png>]
[27
pdfTeX warning (ext4): destination with the same identifier (name{figure.6.2}) 
has been already used, duplicate ignored
<argument> ...shipout:D \box_use:N \l_shipout_box 
                                                  \__shipout_drop_firstpage_...
l.100 
       <../../results/choo_bem_prefix.png>]
[28
pdfTeX warning (ext4): destination with the same identifier (name{figure.6.3}) 
has been already used, duplicate ignored
<argument> ...shipout:D \box_use:N \l_shipout_box 
                                                  \__shipout_drop_firstpage_...
l.120 
       <../../results/recalibration_prefix.png>])
(./ch/07_external_validity.tex
[29]
chapter 7.

[30]
[31
pdfTeX warning (ext4): destination with the same identifier (name{figure.7.1}) 
has been already used, duplicate ignored
<argument> ...shipout:D \box_use:N \l_shipout_box 
                                                  \__shipout_drop_firstpage_...
l.68 
      <../../results/real_predictor.png>]
[32
pdfTeX warning (ext4): destination with the same identifier (name{figure.7.2}) 
has been already used, duplicate ignored
<argument> ...shipout:D \box_use:N \l_shipout_box 
                                                  \__shipout_drop_firstpage_...
l.95 
      <../../results/realworld_robustness.png>])
(./ch/08_exploratory_negatives.tex
[33]
chapter 8.

[34]
[35
pdfTeX warning (ext4): destination with the same identifier (name{figure.8.1}) 
has been already used, duplicate ignored
<argument> ...shipout:D \box_use:N \l_shipout_box 
                                                  \__shipout_drop_firstpage_...
l.65 
      <../../results/rank_vs_mse_mve.png>]
[36
pdfTeX warning (ext4): destination with the same identifier (name{figure.8.2}) 
has been already used, duplicate ignored
<argument> ...shipout:D \box_use:N \l_shipout_box 
                                                  \__shipout_drop_firstpage_...
l.97 
      <../../results/rank_real_trace.png>]
[37]
[38
pdfTeX warning (ext4): destination with the same identifier (name{figure.8.3}) 
has been already used, duplicate ignored
<argument> ...shipout:D \box_use:N \l_shipout_box 
                                                  \__shipout_drop_firstpage_...
l.156 
       <../../results/serving_slo_probe.png>]) (./ch/09_theory.tex
[39]
chapter 9.

[40]
[41
pdfTeX warning (ext4): destination with the same identifier (name{figure.9.1}) 
has been already used, duplicate ignored
<argument> ...shipout:D \box_use:N \l_shipout_box 
                                                  \__shipout_drop_firstpage_...
l.62 
      <../../results/impossibility_frontier.png>]
[42]
[43]) (./ch/10_serving_case_study.tex
[44]
chapter 10.

[45]
[46
pdfTeX warning (ext4): destination with the same identifier (name{figure.10.1})
 has been already used, duplicate ignored
<argument> ...shipout:D \box_use:N \l_shipout_box 
                                                  \__shipout_drop_firstpage_...
l.100 
       <../../results/serving_envelope.png>]
[47
pdfTeX warning (ext4): destination with the same identifier (name{figure.10.2})
 has been already used, duplicate ignored
<argument> ...shipout:D \box_use:N \l_shipout_box 
                                                  \__shipout_drop_firstpage_...
l.100 
      
pdfTeX warning (ext4): destination with the same identifier (name{figure.10.3})
 has been already used, duplicate ignored
<argument> ...shipout:D \box_use:N \l_shipout_box 
                                                  \__shipout_drop_firstpage_...
l.100 
       <../../results/serving_dynamic.png> <../../results/prefix_cache_reversal
.png>]) (./ch/11_conclusion.tex
[48]
chapter 11.

[49]
[50])
[51] (./ch/A_reproduction.tex
[52]
chapter A.

Overfull \hbox (9.52542pt too wide) in paragraph at lines 31--34
[]\T1/lmr/m/n/10.95 (-20) Each script writes \T1/lmtt/m/n/10.95 results/<name>.
json \T1/lmr/m/n/10.95 (-20) (raw means/CIs) and \T1/lmtt/m/n/10.95 results/<na
me>.png

Overfull \hbox (30.90825pt too wide) in paragraph at lines 59--59
[]|\T1/lmtt/m/n/10.95 scripts/run_er_full.py|  

Overfull \hbox (53.90318pt too wide) in paragraph at lines 60--60
[]|\T1/lmtt/m/n/10.95 results/er_full.{json,png}|  

Overfull \hbox (59.65192pt too wide) in paragraph at lines 61--61
[]|\T1/lmtt/m/n/10.95 scripts/run_left_regular.py|  

Overfull \hbox (82.64685pt too wide) in paragraph at lines 62--62
[]|\T1/lmtt/m/n/10.95 results/left_regular.{json,png}|  

Overfull \hbox (89.85434pt too wide) in paragraph at lines 64--65
[]|\T1/lmtt/m/n/10.95 scripts/run_unified_benchmark.py\T1/lmr/m/n/10.95 (-20) ,
 

Overfull \hbox (30.90825pt too wide) in paragraph at lines 64--65
\T1/lmtt/m/n/10.95 plot_unified_panels.py|  

Overfull \hbox (112.84927pt too wide) in paragraph at lines 66--68
[]|\T1/lmtt/m/n/10.95 results/unified_benchmark.{json,png}\T1/lmr/m/n/10.95 (-2
0) , 

Overfull \hbox (101.3518pt too wide) in paragraph at lines 66--68
\T1/lmtt/m/n/10.95 unified_benchmark_panel{A,B,C}.png\T1/lmr/m/n/10.95 (-20) , 


Overfull \hbox (59.65192pt too wide) in paragraph at lines 66--68
\T1/lmtt/m/n/10.95 unified_benchmark_tables.md|  

Overfull \hbox (117.13925pt too wide) in paragraph at lines 70--70
[]|\T1/lmtt/m/n/10.95 scripts/run_consistency_robustness.py|  

Overfull \hbox (140.13419pt too wide) in paragraph at lines 71--71
[]|\T1/lmtt/m/n/10.95 results/consistency_robustness.{json,png}|  

Overfull \hbox (76.89812pt too wide) in paragraph at lines 74--74
[]|\T1/lmtt/m/n/10.95 scripts/run_order_vs_theory.py|  

Overfull \hbox (99.89305pt too wide) in paragraph at lines 75--75
[]|\T1/lmtt/m/n/10.95 results/order_vs_theory.{json,png}|  

Overfull \hbox (36.65698pt too wide) in paragraph at lines 77--77
[]|\T1/lmtt/m/n/10.95 scripts/run_choo_bem.py|  

Overfull \hbox (122.88799pt too wide) in paragraph at lines 78--78
[]|\T1/lmtt/m/n/10.95 results/choo_bem_{envelope,prefix}.png|  

Overfull \hbox (65.40065pt too wide) in paragraph at lines 80--80
[]|\T1/lmtt/m/n/10.95 scripts/run_recalibration.py|  

Overfull \hbox (59.65192pt too wide) in paragraph at lines 81--81
[]|\T1/lmtt/m/n/10.95 results/recalibration_*.png|  

Overfull \hbox (71.14938pt too wide) in paragraph at lines 82--82
[]|\T1/lmtt/m/n/10.95 scripts/run_real_predictor.py|  

Overfull \hbox (94.14432pt too wide) in paragraph at lines 83--83
[]|\T1/lmtt/m/n/10.95 results/real_predictor.{json,png}|  

Overfull \hbox (105.64178pt too wide) in paragraph at lines 85--85
[]|\T1/lmtt/m/n/10.95 scripts/run_realworld_robustness.py|  

Overfull \hbox (128.63672pt too wide) in paragraph at lines 86--86
[]|\T1/lmtt/m/n/10.95 results/realworld_robustness.{json,png}|  

Overfull \hbox (76.89812pt too wide) in paragraph at lines 88--88
[]|\T1/lmtt/m/n/10.95 scripts/run_rank_vs_mse_mve.py|  

Overfull \hbox (99.89305pt too wide) in paragraph at lines 89--89
[]|\T1/lmtt/m/n/10.95 results/rank_vs_mse_mve.{json,png}|  

Overfull \hbox (105.64178pt too wide) in paragraph at lines 92--92
[]|\T1/lmtt/m/n/10.95 scripts/run_rank_when_it_matters.py|  

Overfull \hbox (128.63672pt too wide) in paragraph at lines 93--93
[]|\T1/lmtt/m/n/10.95 results/rank_when_it_matters.{json,png}|  

Overfull \hbox (76.89812pt too wide) in paragraph at lines 96--96
[]|\T1/lmtt/m/n/10.95 scripts/run_rank_real_trace.py|  

Overfull \hbox (99.89305pt too wide) in paragraph at lines 97--97
[]|\T1/lmtt/m/n/10.95 results/rank_real_trace.{json,png}|  

Overfull \hbox (88.39558pt too wide) in paragraph at lines 99--99
[]|\T1/lmtt/m/n/10.95 scripts/run_serving_slo_probe.py|  

Overfull \hbox (111.39052pt too wide) in paragraph at lines 100--100
[]|\T1/lmtt/m/n/10.95 results/serving_slo_probe.{json,png}|  

Overfull \hbox (117.13925pt too wide) in paragraph at lines 103--103
[]|\T1/lmtt/m/n/10.95 scripts/run_impossibility_frontier.py|  

Overfull \hbox (140.13419pt too wide) in paragraph at lines 104--104
[]|\T1/lmtt/m/n/10.95 results/impossibility_frontier.{json,png}|  

Overfull \hbox (32.367pt too wide) in paragraph at lines 106--108
[]|\T1/lmtt/m/n/10.95 scripts/run_serving.py\T1/lmr/m/n/10.95 (-20) , 

Overfull \hbox (20.86954pt too wide) in paragraph at lines 106--108
\T1/lmtt/m/n/10.95 run_serving_trace.py\T1/lmr/m/n/10.95 (-20) , 

Overfull \hbox (32.367pt too wide) in paragraph at lines 106--108
\T1/lmtt/m/n/10.95 run_serving_dynamic.py\T1/lmr/m/n/10.95 (-20) , 

Overfull \hbox (13.66205pt too wide) in paragraph at lines 106--108
\T1/lmtt/m/n/10.95 run_prefix_cache.py|  

Overfull \hbox (26.61827pt too wide) in paragraph at lines 108--109
[]|\T1/lmtt/m/n/10.95 results/serving_*.png\T1/lmr/m/n/10.95 (-20) , 

Overfull \hbox (7.91331pt too wide) in paragraph at lines 108--109
\T1/lmtt/m/n/10.95 prefix_cache_*.png|  

Overfull \hbox (42.40572pt too wide) in paragraph at lines 111--111
[]|\T1/lmtt/m/n/10.95 scripts/run_realworld.py|  

Overfull \hbox (30.90825pt too wide) in paragraph at lines 111--111
[]|\T1/lmtt/m/n/10.95 results/realworld.json|  

[53] [54]
Overfull \hbox (7.15073pt too wide) in paragraph at lines 140--140
[]\T1/lmtt/m/n/10.95 python3 scripts/plot_unified_panels.py          # Table 4.
1 (panel charts)[] 

[55]
Overfull \hbox (24.39693pt too wide) in paragraph at lines 140--140
[]\T1/lmtt/m/n/10.95 python3 scripts/run_consistency_robustness.py   # Fig 4.1 
(replots Table 4.1)[] 

Overfull \hbox (0.10036pt too wide) in alignment at lines 165--183
 [] [] [] [] [] [] [] 

Overfull \hbox (0.10036pt too wide) in alignment at lines 183--185
 [] [] [] [] [] [] [] 

Overfull \hbox (0.10036pt too wide) in alignment at lines 185--192
 [] [] [] [] [] [] [] 
[56]
[57]
Overfull \hbox (27.54663pt too wide) in paragraph at lines 237--245
\T1/lmtt/m/n/10.95 socfb-Caltech36\T1/lmr/m/n/10.95 (-20) , \T1/lmtt/m/n/10.95 
socfb-Reed98\T1/lmr/m/n/10.95 (-20) , \T1/lmtt/m/n/10.95 bio-CE-GN\T1/lmr/m/n/1
0.95 (-20) , \T1/lmtt/m/n/10.95 bio-CE-PG\T1/lmr/m/n/10.95 (-20) , \T1/lmtt/m/n
/10.95 econ-beause\T1/lmr/m/n/10.95 (-20) , \T1/lmtt/m/n/10.95 econ-mbeaflw
) (./ch/B_proof_details.tex
[58]
chapter B.

[59]
[60]
[61]
[62]
[63{/usr/local/texlive/2025basic/texmf-dist/fonts/enc/dvips/lm/lm-mathex.enc}]
[64]
[65]
[66])
[67]
chapter without number

[68]
[69]
[70] (./thesis.aux) )
(see the transcript file for additional information)</usr/local/texlive/2025bas
ic/texmf-dist/fonts/type1/public/lm/lmbx10.pfb></usr/local/texlive/2025basic/te
xmf-dist/fonts/type1/public/lm/lmbx12.pfb></usr/local/texlive/2025basic/texmf-d
ist/fonts/type1/public/lm/lmbx9.pfb></usr/local/texlive/2025basic/texmf-dist/fo
nts/type1/public/lm/lmex10.pfb></usr/local/texlive/2025basic/texmf-dist/fonts/t
ype1/public/lm/lmmi10.pfb></usr/local/texlive/2025basic/texmf-dist/fonts/type1/
public/lm/lmmi8.pfb></usr/local/texlive/2025basic/texmf-dist/fonts/type1/public
/lm/lmmi9.pfb></usr/local/texlive/2025basic/texmf-dist/fonts/type1/public/lm/lm
r10.pfb></usr/local/texlive/2025basic/texmf-dist/fonts/type1/public/lm/lmr12.pf
b></usr/local/texlive/2025basic/texmf-dist/fonts/type1/public/lm/lmr8.pfb></usr
/local/texlive/2025basic/texmf-dist/fonts/type1/public/lm/lmr9.pfb></usr/local/
texlive/2025basic/texmf-dist/fonts/type1/public/lm/lmri10.pfb></usr/local/texli
ve/2025basic/texmf-dist/fonts/type1/public/lm/lmri9.pfb></usr/local/texlive/202
5basic/texmf-dist/fonts/type1/public/lm/lmro10.pfb></usr/local/texlive/2025basi
c/texmf-dist/fonts/type1/public/lm/lmsy10.pfb></usr/local/texlive/2025basic/tex
mf-dist/fonts/type1/public/lm/lmsy8.pfb></usr/local/texlive/2025basic/texmf-dis
t/fonts/type1/public/lm/lmtt10.pfb></usr/local/texlive/2025basic/texmf-dist/fon
ts/type1/public/amsfonts/symbols/msam10.pfb></usr/local/texlive/2025basic/texmf
-dist/fonts/type1/public/amsfonts/symbols/msbm10.pfb>
Output written on thesis.pdf (81 pages, 2486713 bytes).
Transcript written on thesis.log.
